\BOOKMARK [0][-]{chapter.1}{Introduction}{}% 1
\BOOKMARK [1][-]{section.1.1}{Introduction in Production, AI and the use case environment}{chapter.1}% 2
\BOOKMARK [2][-]{subsection.1.1.1}{Production and Manufacturing}{section.1.1}% 3
\BOOKMARK [2][-]{subsection.1.1.2}{Artificial Intelligence}{section.1.1}% 4
\BOOKMARK [2][-]{subsection.1.1.3}{Ecosystem of the case study}{section.1.1}% 5
\BOOKMARK [1][-]{section.1.2}{Thesis outline}{chapter.1}% 6
\BOOKMARK [0][-]{chapter.2}{Problem Definition \046 Research Goal}{}% 7
\BOOKMARK [1][-]{section.2.1}{Problem Analysis}{chapter.2}% 8
\BOOKMARK [1][-]{section.2.2}{Area of Application}{chapter.2}% 9
\BOOKMARK [1][-]{section.2.3}{Relevance}{chapter.2}% 10
\BOOKMARK [2][-]{subsection.2.3.1}{Scientific relevance}{section.2.3}% 11
\BOOKMARK [2][-]{subsection.2.3.2}{Business relevance}{section.2.3}% 12
\BOOKMARK [1][-]{section.2.4}{Research Goal}{chapter.2}% 13
\BOOKMARK [1][-]{section.2.5}{Research Approach}{chapter.2}% 14
\BOOKMARK [1][-]{section.2.6}{Research Process}{chapter.2}% 15
\BOOKMARK [2][-]{subsection.2.6.1}{Evaluation Method}{section.2.6}% 16
\BOOKMARK [1][-]{section.2.7}{Research Questions}{chapter.2}% 17
\BOOKMARK [0][-]{chapter.3}{Literature Study \046 Theoretical framework}{}% 18
\BOOKMARK [1][-]{section.3.1}{Manufacturing processes}{chapter.3}% 19
\BOOKMARK [2][-]{subsection.3.1.1}{Asset management}{section.3.1}% 20
\BOOKMARK [2][-]{subsection.3.1.2}{Process control}{section.3.1}% 21
\BOOKMARK [2][-]{subsection.3.1.3}{Predictive maintenance systems}{section.3.1}% 22
\BOOKMARK [2][-]{subsection.3.1.4}{Real-time Monitoring}{section.3.1}% 23
\BOOKMARK [1][-]{section.3.2}{Agent Solutions}{chapter.3}% 24
\BOOKMARK [2][-]{subsection.3.2.1}{Object-oriented programming}{section.3.2}% 25
\BOOKMARK [2][-]{subsection.3.2.2}{Convexity}{section.3.2}% 26
\BOOKMARK [2][-]{subsection.3.2.3}{Multi-Agent Systems}{section.3.2}% 27
\BOOKMARK [2][-]{subsection.3.2.4}{Holonic Systems}{section.3.2}% 28
\BOOKMARK [2][-]{subsection.3.2.5}{Task/resource allocation}{section.3.2}% 29
\BOOKMARK [2][-]{subsection.3.2.6}{Scheduling and planning}{section.3.2}% 30
\BOOKMARK [1][-]{section.3.3}{Framework}{chapter.3}% 31
\BOOKMARK [2][-]{subsection.3.3.1}{Size and modularity}{section.3.3}% 32
\BOOKMARK [2][-]{subsection.3.3.2}{Dynamicity \(Time Scale/Changeability\)}{section.3.3}% 33
\BOOKMARK [2][-]{subsection.3.3.3}{Solution Quality}{section.3.3}% 34
\BOOKMARK [2][-]{subsection.3.3.4}{Complexity}{section.3.3}% 35
\BOOKMARK [1][-]{section.3.4}{Negotiation}{chapter.3}% 36
\BOOKMARK [2][-]{subsection.3.4.1}{Negotiation Protocol}{section.3.4}% 37
\BOOKMARK [2][-]{subsection.3.4.2}{Negotiation Strategies}{section.3.4}% 38
\BOOKMARK [2][-]{subsection.3.4.3}{Negotiation States}{section.3.4}% 39
\BOOKMARK [2][-]{subsection.3.4.4}{Evaluating /equilibrium solutions}{section.3.4}% 40
\BOOKMARK [2][-]{subsection.3.4.5}{Principled Negotiation}{section.3.4}% 41
\BOOKMARK [2][-]{subsection.3.4.6}{Negotiation using a mediator}{section.3.4}% 42
\BOOKMARK [2][-]{subsection.3.4.7}{Mapping of negotiation protocols}{section.3.4}% 43
\BOOKMARK [1][-]{section.3.5}{Negotiation in Manufacturing}{chapter.3}% 44
\BOOKMARK [0][-]{chapter.4}{Research Design \046 Application}{}% 45
\BOOKMARK [1][-]{section.4.1}{Mapping of Literature on usecase}{chapter.4}% 46
\BOOKMARK [1][-]{section.4.2}{Mapping of Negotiation}{chapter.4}% 47
\BOOKMARK [1][-]{section.4.3}{Demineralization of water}{chapter.4}% 48
\BOOKMARK [1][-]{section.4.4}{Negotiation model}{chapter.4}% 49
\BOOKMARK [1][-]{section.4.5}{Details of the Agents}{chapter.4}% 50
\BOOKMARK [2][-]{subsection.4.5.1}{Reactive concession strategy}{section.4.5}% 51
\BOOKMARK [2][-]{subsection.4.5.2}{Anion}{section.4.5}% 52
\BOOKMARK [2][-]{subsection.4.5.3}{Cation}{section.4.5}% 53
\BOOKMARK [2][-]{subsection.4.5.4}{Neut}{section.4.5}% 54
\BOOKMARK [2][-]{subsection.4.5.5}{Mixbed}{section.4.5}% 55
\BOOKMARK [1][-]{section.4.6}{Negotiations among the agents}{chapter.4}% 56
\BOOKMARK [1][-]{section.4.7}{Algorithm}{chapter.4}% 57
\BOOKMARK [1][-]{section.4.8}{Result interpretation}{chapter.4}% 58
\BOOKMARK [1][-]{section.4.9}{Proof of convergence}{chapter.4}% 59
\BOOKMARK [0][-]{chapter.5}{Simulation comparison \046 evaluations}{}% 60
\BOOKMARK [1][-]{section.5.1}{Parameters}{chapter.5}% 61
\BOOKMARK [2][-]{subsection.5.1.1}{Nash Bargaining Solution}{section.5.1}% 62
\BOOKMARK [2][-]{subsection.5.1.2}{Non-reactive concession strategy}{section.5.1}% 63
\BOOKMARK [2][-]{subsection.5.1.3}{Reactive Concession strategy}{section.5.1}% 64
\BOOKMARK [2][-]{subsection.5.1.4}{Reservation curve}{section.5.1}% 65
\BOOKMARK [2][-]{subsection.5.1.5}{Distance}{section.5.1}% 66
\BOOKMARK [1][-]{section.5.2}{Reactive concession strategy compared to the non-reactive concession strategy}{chapter.5}% 67
\BOOKMARK [1][-]{section.5.3}{Reactive mixbed vs non-reactive }{chapter.5}% 68
\BOOKMARK [1][-]{section.5.4}{Changing the l value for the mixbed}{chapter.5}% 69
\BOOKMARK [2][-]{subsection.5.4.1}{Mixbed 2 water}{section.5.4}% 70
\BOOKMARK [2][-]{subsection.5.4.2}{Mixbed 10 water}{section.5.4}% 71
\BOOKMARK [1][-]{section.5.5}{Discussion}{chapter.5}% 72
\BOOKMARK [2][-]{subsection.5.5.1}{reactive vs non-reactive}{section.5.5}% 73
\BOOKMARK [1][-]{section.5.6}{Solution space}{chapter.5}% 74
\BOOKMARK [2][-]{subsection.5.6.1}{reactive mixbed vs non-reactive}{section.5.6}% 75
\BOOKMARK [0][-]{chapter.6}{Conclusion and Further Work}{}% 76
\BOOKMARK [1][-]{section.6.1}{Conclusion}{chapter.6}% 77
\BOOKMARK [1][-]{section.6.2}{Discussion}{chapter.6}% 78
\BOOKMARK [1][-]{section.6.3}{Further research}{chapter.6}% 79
\BOOKMARK [2][-]{subsection.6.3.1}{Holonic agents}{section.6.3}% 80
\BOOKMARK [2][-]{subsection.6.3.2}{Utility function}{section.6.3}% 81
\BOOKMARK [2][-]{subsection.6.3.3}{Continue negotiation after group agreement}{section.6.3}% 82
\BOOKMARK [2][-]{subsection.6.3.4}{Extra concession strategies}{section.6.3}% 83
\BOOKMARK [2][-]{subsection.6.3.5}{Heuristic learning methods}{section.6.3}% 84
